#
# There is insufficient memory for the Java Runtime Environment to continue.
# Native memory allocation (mmap) failed to map 264241152 bytes for G1 virtual space
# Possible reasons:
#   The system is out of physical RAM or swap space
#   The process is running with CompressedOops enabled, and the Java Heap may be blocking the growth of the native heap
# Possible solutions:
#   Reduce memory load on the system
#   Increase physical memory or swap space
#   Check if swap backing store is full
#   Decrease Java heap size (-Xmx/-Xms)
#   Decrease number of Java threads
#   Decrease Java thread stack sizes (-Xss)
#   Set larger code cache with -XX:ReservedCodeCacheSize=
#   JVM is running with Zero Based Compressed Oops mode in which the Java heap is
#     placed in the first 32GB address space. The Java Heap base address is the
#     maximum limit for the native heap growth. Please use -XX:HeapBaseMinAddress
#     to set the Java Heap base and to place the Java Heap above 32GB virtual address.
# This output file may be truncated or incomplete.
#
#  Out of Memory Error (os_windows.cpp:3469), pid=36636, tid=33476
#
# JRE version:  (17.0+35) (build )
# Java VM: Java HotSpot(TM) 64-Bit Server VM (17+35-LTS-2724, mixed mode, sharing, tiered, compressed oops, compressed class ptrs, g1 gc, windows-amd64)
# No core dump will be written. Minidumps are not enabled by default on client versions of Windows
#

---------------  S U M M A R Y ------------

Command Line: --module-path=C:\Users\admin\.m2\repository\org\openjfx\javafx-base\17.0.2\javafx-base-17.0.2-win.jar;C:\Users\admin\.m2\repository\org\openjfx\javafx-base\17.0.2\javafx-base-17.0.2.jar;C:\Users\admin\.m2\repository\org\openjfx\javafx-controls\17.0.2\javafx-controls-17.0.2-win.jar;C:\Users\admin\.m2\repository\org\openjfx\javafx-controls\17.0.2\javafx-controls-17.0.2.jar;C:\Users\admin\.m2\repository\org\openjfx\javafx-fxml\17.0.2\javafx-fxml-17.0.2-win.jar;C:\Users\admin\.m2\repository\org\openjfx\javafx-fxml\17.0.2\javafx-fxml-17.0.2.jar;C:\Users\admin\.m2\repository\org\openjfx\javafx-graphics\17.0.2\javafx-graphics-17.0.2-win.jar;C:\Users\admin\.m2\repository\org\openjfx\javafx-graphics\17.0.2\javafx-graphics-17.0.2.jar --add-modules=javafx.base,javafx.controls,javafx.fxml,javafx.graphics -agentpath:C:\Program Files\Palo Alto Networks\Traps\cyjagent.dll com.esprit.tests.MainGUI

Host: 13th Gen Intel(R) Core(TM) i5-1335U, 12 cores, 15G,  Windows 10 , 64 bit Build 26100 (10.0.26100.3912)
Time: Sat Jun  7 14:41:13 2025 Afr. centrale Ouest elapsed time: 0.200128 seconds (0d 0h 0m 0s)

---------------  T H R E A D  ---------------

Current thread (0x00000231405a0350):  JavaThread "Unknown thread" [_thread_in_vm, id=33476, stack(0x000000d804c00000,0x000000d804d00000)]

Stack: [0x000000d804c00000,0x000000d804d00000]
Native frames: (J=compiled Java code, j=interpreted, Vv=VM code, C=native code)
V  [jvm.dll+0x66f8ea]
V  [jvm.dll+0x7ce224]
V  [jvm.dll+0x7cf9ce]
V  [jvm.dll+0x7d0033]
V  [jvm.dll+0x242bb5]
V  [jvm.dll+0x66c909]
V  [jvm.dll+0x6613d2]
V  [jvm.dll+0x30082b]
V  [jvm.dll+0x307db6]
V  [jvm.dll+0x357a0e]
V  [jvm.dll+0x357c3f]
V  [jvm.dll+0x2d7ae8]
V  [jvm.dll+0x2d8a54]
V  [jvm.dll+0x7a00a1]
V  [jvm.dll+0x365781]
V  [jvm.dll+0x77f59c]
V  [jvm.dll+0x3e805f]
V  [jvm.dll+0x3e9b01]
C  [cyvrtrap.dll+0x15350]
C  [jli.dll+0x527b]
C  [ucrtbase.dll+0x37b0]
C  [cyinjct.dll+0x11e7]
C  [KERNEL32.DLL+0x2e8d7]
C  [ntdll.dll+0x9c5dc]


---------------  P R O C E S S  ---------------

Threads class SMR info:
_java_thread_list=0x00007ffdd2e87818, length=0, elements={
}

Java Threads: ( => current thread )

Other Threads:
  0x00000231405efd70 GCTaskThread "GC Thread#0" [stack: 0x000000d804d00000,0x000000d804e00000] [id=41576]
  0x00000231406007c0 ConcurrentGCThread "G1 Main Marker" [stack: 0x000000d804e00000,0x000000d804f00000] [id=36460]
  0x00000231406021e0 ConcurrentGCThread "G1 Conc#0" [stack: 0x000000d804f00000,0x000000d805000000] [id=37588]

[error occurred during error reporting (printing all threads), id 0xc0000005, EXCEPTION_ACCESS_VIOLATION (0xc0000005) at pc=0x00007ffdd26d84c7]

VM state: not at safepoint (not fully initialized)

VM Mutex/Monitor currently owned by a thread:  ([mutex/lock_event])
[0x000002314059c6f0] Heap_lock - owner thread: 0x00000231405a0350

Heap address: 0x0000000704e00000, size: 4018 MB, Compressed Oops mode: Zero based, Oop shift amount: 3

CDS archive(s) mapped at: [0x0000000000000000-0x0000000000000000-0x0000000000000000), size 0, SharedBaseAddress: 0x0000000800000000, ArchiveRelocationMode: 0.
Narrow klass base: 0x0000000000000000, Narrow klass shift: 0, Narrow klass range: 0x0

GC Precious Log:
<Empty>

Heap:
 garbage-first heap   total 0K, used 0K [0x0000000704e00000, 0x0000000800000000)
  region size 2048K, 0 young (0K), 0 survivors (0K)

[error occurred during error reporting (printing heap information), id 0xc0000005, EXCEPTION_ACCESS_VIOLATION (0xc0000005) at pc=0x00007ffdd2ab8c59]

GC Heap History (0 events):
No events

Deoptimization events (0 events):
No events

Classes unloaded (0 events):
No events

Classes redefined (0 events):
No events

Internal exceptions (0 events):
No events

VM Operations (0 events):
No events

Events (1 events):
Event: 0.032 Loaded shared library C:\Program Files\Java\jdk-17\bin\java.dll


Dynamic libraries:
0x00007ff758a60000 - 0x00007ff758a70000 	C:\Program Files\Java\jdk-17\bin\java.exe
0x00007ffea8900000 - 0x00007ffea8b66000 	C:\WINDOWS\SYSTEM32\ntdll.dll
0x00007ffea8620000 - 0x00007ffea86e9000 	C:\WINDOWS\System32\KERNEL32.DLL
0x00007ffea8250000 - 0x00007ffea861c000 	C:\WINDOWS\System32\KERNELBASE.dll
0x0000000074ba0000 - 0x0000000074bdd000 	C:\WINDOWS\System32\cyinjct.dll
0x00007ffea80e0000 - 0x00007ffea80e9000 	C:\WINDOWS\System32\ntnativeapi.dll
0x00007ffe761a0000 - 0x00007ffe761b8000 	C:\Program Files\Java\jdk-17\bin\jli.dll
0x00007ffea7480000 - 0x00007ffea7532000 	C:\WINDOWS\System32\ADVAPI32.dll
0x00007ffea73c0000 - 0x00007ffea7469000 	C:\WINDOWS\System32\msvcrt.dll
0x00007ffea6cb0000 - 0x00007ffea6d56000 	C:\WINDOWS\System32\sechost.dll
0x00007ffea8130000 - 0x00007ffea8246000 	C:\WINDOWS\System32\RPCRT4.dll
0x000002313feb0000 - 0x000002314007a000 	C:\WINDOWS\System32\USER32.dll
0x00007ffea5e40000 - 0x00007ffea5e67000 	C:\WINDOWS\System32\win32u.dll
0x00007ffea63b0000 - 0x00007ffea63db000 	C:\WINDOWS\System32\GDI32.dll
0x00007ffea5f30000 - 0x00007ffea6062000 	C:\WINDOWS\System32\gdi32full.dll
0x00007ffea5d90000 - 0x00007ffea5e33000 	C:\WINDOWS\System32\msvcp_win.dll
0x0000023140080000 - 0x00000231401cb000 	C:\WINDOWS\System32\ucrtbase.dll
0x00007ffe73540000 - 0x00007ffe7355a000 	C:\Program Files\Java\jdk-17\bin\VCRUNTIME140.dll
0x00007ffe87bb0000 - 0x00007ffe87e4a000 	C:\WINDOWS\WinSxS\amd64_microsoft.windows.common-controls_6595b64144ccf1df_6.0.26100.3912_none_3e07963ce335137e\COMCTL32.dll
0x00007ffe881a0000 - 0x00007ffe881ab000 	C:\WINDOWS\SYSTEM32\VERSION.dll
0x00007ffea80b0000 - 0x00007ffea80d4000 	C:\WINDOWS\System32\cyvera.dll
0x00007ffea8020000 - 0x00007ffea80ae000 	C:\WINDOWS\System32\cyvrtrap.dll
0x00007ffea6e60000 - 0x00007ffea6e90000 	C:\WINDOWS\System32\IMM32.DLL
0x00007ffe73530000 - 0x00007ffe7353c000 	C:\Program Files\Java\jdk-17\bin\vcruntime140_1.dll
0x00007ffe712d0000 - 0x00007ffe7135d000 	C:\Program Files\Java\jdk-17\bin\msvcp140.dll
0x00007ffdd23f0000 - 0x00007ffdd2fae000 	C:\Program Files\Java\jdk-17\bin\server\jvm.dll
0x00007ffea73b0000 - 0x00007ffea73b8000 	C:\WINDOWS\System32\PSAPI.DLL
0x00007ffe7a630000 - 0x00007ffe7a63a000 	C:\WINDOWS\SYSTEM32\WSOCK32.dll
0x00007ffea62a0000 - 0x00007ffea6314000 	C:\WINDOWS\System32\WS2_32.dll
0x00007ffe9b700000 - 0x00007ffe9b736000 	C:\WINDOWS\SYSTEM32\WINMM.dll
0x00007ffea4700000 - 0x00007ffea471a000 	C:\WINDOWS\SYSTEM32\kernel.appcore.dll
0x00007ffe71860000 - 0x00007ffe7186a000 	C:\Program Files\Java\jdk-17\bin\jimage.dll
0x00007ffea3810000 - 0x00007ffea3a51000 	C:\WINDOWS\SYSTEM32\DBGHELP.DLL
0x00007ffea6920000 - 0x00007ffea6ca4000 	C:\WINDOWS\System32\combase.dll
0x00007ffea7670000 - 0x00007ffea7750000 	C:\WINDOWS\System32\OLEAUT32.dll
0x00007ffe87b70000 - 0x00007ffe87ba9000 	C:\WINDOWS\SYSTEM32\dbgcore.DLL
0x00007ffea6070000 - 0x00007ffea6109000 	C:\WINDOWS\System32\bcryptPrimitives.dll
0x00007ffea7fe0000 - 0x00007ffea801e000 	C:\Program Files\Palo Alto Networks\Traps\cyjagent.dll
0x00007ffe71830000 - 0x00007ffe71855000 	C:\Program Files\Java\jdk-17\bin\java.dll

dbghelp: loaded successfully - version: 4.0.5 - missing functions: none
symbol engine: initialized successfully - sym options: 0x614 - pdb path: .;C:\Program Files\Java\jdk-17\bin;C:\WINDOWS\SYSTEM32;C:\WINDOWS\WinSxS\amd64_microsoft.windows.common-controls_6595b64144ccf1df_6.0.26100.3912_none_3e07963ce335137e;C:\Program Files\Java\jdk-17\bin\server;C:\Program Files\Palo Alto Networks\Traps

VM Arguments:
jvm_args: --module-path=C:\Users\admin\.m2\repository\org\openjfx\javafx-base\17.0.2\javafx-base-17.0.2-win.jar;C:\Users\admin\.m2\repository\org\openjfx\javafx-base\17.0.2\javafx-base-17.0.2.jar;C:\Users\admin\.m2\repository\org\openjfx\javafx-controls\17.0.2\javafx-controls-17.0.2-win.jar;C:\Users\admin\.m2\repository\org\openjfx\javafx-controls\17.0.2\javafx-controls-17.0.2.jar;C:\Users\admin\.m2\repository\org\openjfx\javafx-fxml\17.0.2\javafx-fxml-17.0.2-win.jar;C:\Users\admin\.m2\repository\org\openjfx\javafx-fxml\17.0.2\javafx-fxml-17.0.2.jar;C:\Users\admin\.m2\repository\org\openjfx\javafx-graphics\17.0.2\javafx-graphics-17.0.2-win.jar;C:\Users\admin\.m2\repository\org\openjfx\javafx-graphics\17.0.2\javafx-graphics-17.0.2.jar --add-modules=javafx.base,javafx.controls,javafx.fxml,javafx.graphics -agentpath:C:\Program Files\Palo Alto Networks\Traps\cyjagent.dll 
java_command: com.esprit.tests.MainGUI
java_class_path (initial): C:\Users\admin\Desktop\gestion_produits_dérivés\target\classes;C:\Users\admin\.m2\repository\com\google\protobuf\protobuf-java\3.21.9\protobuf-java-3.21.9.jar;C:\Users\admin\.m2\repository\com\itextpdf\itextpdf\5.5.13.3\itextpdf-5.5.13.3.jar;C:\Users\admin\.m2\repository\com\mysql\mysql-connector-j\8.0.33\mysql-connector-j-8.0.33.jar;C:\Users\admin\.m2\repository\com\sun\activation\jakarta.activation\2.0.1\jakarta.activation-2.0.1.jar;C:\Users\admin\.m2\repository\com\sun\mail\jakarta.mail\2.0.1\jakarta.mail-2.0.1.jar
Launcher Type: SUN_STANDARD

[Global flags]
     intx CICompilerCount                          = 4                                         {product} {ergonomic}
     uint ConcGCThreads                            = 3                                         {product} {ergonomic}
     uint G1ConcRefinementThreads                  = 10                                        {product} {ergonomic}
   size_t G1HeapRegionSize                         = 2097152                                   {product} {ergonomic}
    uintx GCDrainStackTargetSize                   = 64                                        {product} {ergonomic}
   size_t InitialHeapSize                          = 264241152                                 {product} {ergonomic}
   size_t MarkStackSize                            = 4194304                                   {product} {ergonomic}
   size_t MaxHeapSize                              = 4213178368                                {product} {ergonomic}
   size_t MinHeapDeltaBytes                        = 2097152                                   {product} {ergonomic}
   size_t MinHeapSize                              = 8388608                                   {product} {ergonomic}
    uintx NonNMethodCodeHeapSize                   = 5839372                                {pd product} {ergonomic}
    uintx NonProfiledCodeHeapSize                  = 122909434                              {pd product} {ergonomic}
    uintx ProfiledCodeHeapSize                     = 122909434                              {pd product} {ergonomic}
    uintx ReservedCodeCacheSize                    = 251658240                              {pd product} {ergonomic}
     bool SegmentedCodeCache                       = true                                      {product} {ergonomic}
   size_t SoftMaxHeapSize                          = 4213178368                             {manageable} {ergonomic}
     bool UseCompressedClassPointers               = true                           {product lp64_product} {ergonomic}
     bool UseCompressedOops                        = true                           {product lp64_product} {ergonomic}
     bool UseG1GC                                  = true                                      {product} {ergonomic}
     bool UseLargePagesIndividualAllocation        = false                                  {pd product} {ergonomic}

Logging:
Log output configuration:
 #0: stdout all=warning uptime,level,tags
 #1: stderr all=off uptime,level,tags

Environment Variables:
JAVA_HOME=C:\Program Files\Java\jdk-17
PATH=C:\oraclexe\app\oracle\product\11.2.0\server\bin;C:\Program Files\Common Files\Oracle\Java\javapath;C:\Program Files (x86)\Common Files\Oracle\Java\java8path;C:\Program Files (x86)\Common Files\Oracle\Java\javapath;C:\WINDOWS\system32;C:\WINDOWS;C:\WINDOWS\System32\Wbem;C:\WINDOWS\System32\WindowsPowerShell\v1.0\;C:\WINDOWS\System32\OpenSSH\;C:\Program Files\Java\jdk-22\bin;C:\Program Files\Git\cmd;C:\xampp\php;C:\composer;C:\apache-maven-3.9.7\bin;C:\Users\admin\scoop\shims;C:\Users\admin\AppData\Local\Microsoft\WindowsApps;C:\Users\admin\AppData\Local\Programs\Microsoft VS Code\bin;C:\xampp\php;C:\Users\admin\AppData\Roaming\Composer\vendor\bin;C:\Users\admin\AppData\Local\Programs\cursor\resources\app\bin
USERNAME=admin
OS=Windows_NT
PROCESSOR_IDENTIFIER=Intel64 Family 6 Model 186 Stepping 3, GenuineIntel



---------------  S Y S T E M  ---------------

OS:
 Windows 10 , 64 bit Build 26100 (10.0.26100.3912)
OS uptime: 4 days 21:49 hours

CPU: total 12 (initial active 12) (6 cores per cpu, 2 threads per core) family 6 model 186 stepping 3 microcode 0x4123, cx8, cmov, fxsr, ht, mmx, 3dnowpref, sse, sse2, sse3, ssse3, sse4.1, sse4.2, popcnt, lzcnt, tsc, tscinvbit, avx, avx2, aes, erms, clmul, bmi1, bmi2, adx, sha, fma, vzeroupper, clflush, clflushopt, clwb

Memory: 4k page, system-wide physical 16064M (965M free)
TotalPageFile size 65216M (AvailPageFile size 256M)
current process WorkingSet (physical memory assigned to process): 14M, peak: 14M
current process commit charge ("private bytes"): 67M, peak: 319M

vm_info: Java HotSpot(TM) 64-Bit Server VM (17+35-LTS-2724) for windows-amd64 JRE (17+35-LTS-2724), built on Aug  5 2021 23:28:28 by "mach5one" with MS VC++ 16.8 (VS2019)

END.
